<?xml version="1.0" encoding="UTF-8"?>
<!-- Generated by org.testng.reporters.JUnitXMLReporter -->
<testsuite hostname="DESKTOP-5JJ8FG2" ignored="0" name="Default test" tests="3" failures="0" timestamp="31 Aug 2021 04:04:21 GMT" time="0.057" errors="0">
  <testcase name="tc3" time="0.005" classname="org.junittesting.test1"/>
  <testcase name="tc5" time="0.004" classname="org.junittesting.test1"/>
  <testcase name="tc7" time="0.002" classname="org.junittesting.test1"/>
</testsuite> <!-- Default test -->
